<?xml version="1.0" encoding="UTF-8" ?>
<testsuite tests="6" failures="0" name="notsodanishbank.CucumberTest" time="0.024" errors="0" skipped="5">
  <properties>
[...]
</properties>
  <testcase classname="Scenario: Successful cash deposit" name="Given I have an account with a balance of 100" time="0.004">
    <skipped/>
  </testcase>
  <testcase classname="Scenario: Successful cash deposit" name="When I make a deposit of 50 at an ATM" time="0.004">
    <skipped/>
  </testcase>
  <testcase classname="Scenario: Successful cash deposit" name="Then the AtM displays a message that deposit was successful" time="0.004">
    <skipped/>
  </testcase>
  <testcase classname="Scenario: Successful cash deposit" name="And my account has a new balance of 150" time="0.004">
    <skipped/>
  </testcase>
  <testcase classname="Scenario: Successful cash deposit" name="Scenario: Successful cash deposit" time="0.004">
    <skipped/>
  </testcase>
  <testcase classname="Scenario: Successful cash deposit" name="Scenario: Successful cash deposit" time="0.004"/>
</testsuite>