<?xml version="1.0" encoding="UTF-8" ?>
<testsuite tests="10" failures="2" name="notsodanishbank.CucumberTest" time="0.014" errors="0" skipped="0">
  <properties>
    <property name="java.runtime.name" value="Java(TM) SE Runtime Environment"/>
    <property name="sun.boot.library.path" value="/usr/lib/jvm/jdk1.8.0_162/jre/lib/amd64"/>
    <property name="java.vm.version" value="25.162-b12"/>
    <property name="java.vm.vendor" value="Oracle Corporation"/>
    <property name="maven.multiModuleProjectDirectory" value="/home/ccl/eclipse-workspace/notsodanishbank"/>
    <property name="java.vendor.url" value="http://java.oracle.com/"/>
    <property name="path.separator" value=":"/>
    <property name="guice.disable.misplaced.annotation.check" value="true"/>
    <property name="java.vm.name" value="Java HotSpot(TM) 64-Bit Server VM"/>
    <property name="file.encoding.pkg" value="sun.io"/>
    <property name="user.country" value="US"/>
    <property name="sun.java.launcher" value="SUN_STANDARD"/>
    <property name="sun.os.patch.level" value="unknown"/>
    <property name="java.vm.specification.name" value="Java Virtual Machine Specification"/>
    <property name="user.dir" value="/home/ccl/eclipse-workspace/notsodanishbank"/>
    <property name="java.runtime.version" value="1.8.0_162-b12"/>
    <property name="java.awt.graphicsenv" value="sun.awt.X11GraphicsEnvironment"/>
    <property name="java.endorsed.dirs" value="/usr/lib/jvm/jdk1.8.0_162/jre/lib/endorsed"/>
    <property name="os.arch" value="amd64"/>
    <property name="java.io.tmpdir" value="/tmp"/>
    <property name="line.separator" value="
"/>
    <property name="java.vm.specification.vendor" value="Oracle Corporation"/>
    <property name="os.name" value="Linux"/>
    <property name="classworlds.conf" value="/home/ccl/eclipse-workspace/.metadata/.plugins/org.eclipse.m2e.launching/launches/m2conf5993906847931732161.tmp"/>
    <property name="sun.jnu.encoding" value="UTF-8"/>
    <property name="java.library.path" value="/usr/java/packages/lib/amd64:/usr/lib64:/lib64:/lib:/usr/lib"/>
    <property name="java.specification.name" value="Java Platform API Specification"/>
    <property name="java.class.version" value="52.0"/>
    <property name="sun.management.compiler" value="HotSpot 64-Bit Tiered Compilers"/>
    <property name="os.version" value="4.15.0-30-generic"/>
    <property name="user.home" value="/home/ccl"/>
    <property name="user.timezone" value="Europe/Copenhagen"/>
    <property name="java.awt.printerjob" value="sun.print.PSPrinterJob"/>
    <property name="file.encoding" value="UTF-8"/>
    <property name="java.specification.version" value="1.8"/>
    <property name="user.name" value="ccl"/>
    <property name="java.class.path" value="/home/ccl/.p2/pool/plugins/org.eclipse.m2e.maven.runtime_1.9.0.20180606-2035/jars/plexus-classworlds-2.5.2.jar"/>
    <property name="java.vm.specification.version" value="1.8"/>
    <property name="sun.arch.data.model" value="64"/>
    <property name="java.home" value="/usr/lib/jvm/jdk1.8.0_162/jre"/>
    <property name="sun.java.command" value="org.codehaus.plexus.classworlds.launcher.Launcher -B test"/>
    <property name="java.specification.vendor" value="Oracle Corporation"/>
    <property name="user.language" value="en"/>
    <property name="awt.toolkit" value="sun.awt.X11.XToolkit"/>
    <property name="java.vm.info" value="mixed mode"/>
    <property name="java.version" value="1.8.0_162"/>
    <property name="java.ext.dirs" value="/usr/lib/jvm/jdk1.8.0_162/jre/lib/ext:/usr/java/packages/lib/ext"/>
    <property name="securerandom.source" value="file:/dev/./urandom"/>
    <property name="sun.boot.class.path" value="/usr/lib/jvm/jdk1.8.0_162/jre/lib/resources.jar:/usr/lib/jvm/jdk1.8.0_162/jre/lib/rt.jar:/usr/lib/jvm/jdk1.8.0_162/jre/lib/sunrsasign.jar:/usr/lib/jvm/jdk1.8.0_162/jre/lib/jsse.jar:/usr/lib/jvm/jdk1.8.0_162/jre/lib/jce.jar:/usr/lib/jvm/jdk1.8.0_162/jre/lib/charsets.jar:/usr/lib/jvm/jdk1.8.0_162/jre/lib/jfr.jar:/usr/lib/jvm/jdk1.8.0_162/jre/classes"/>
    <property name="java.vendor" value="Oracle Corporation"/>
    <property name="maven.home" value="/home/ccl/eclipse-workspace/notsodanishbank/EMBEDDED"/>
    <property name="file.separator" value="/"/>
    <property name="java.vendor.url.bug" value="http://bugreport.sun.com/bugreport/"/>
    <property name="sun.cpu.endian" value="little"/>
    <property name="sun.io.unicode.encoding" value="UnicodeLittle"/>
    <property name="sun.desktop" value="gnome"/>
    <property name="sun.cpu.isalist" value=""/>
  </properties>
  <testcase classname="Scenario: Successful cash deposit" name="Given I have an account with a balance of 100" time="0.002"/>
  <testcase classname="Scenario: Successful cash deposit" name="When I make a deposit of 50 at an ATM" time="0"/>
  <testcase classname="Scenario: Successful cash deposit" name="Then the AtM displays a message that deposit was successful" time="0"/>
  <testcase classname="Scenario: Successful cash deposit" name="And my account has a new balance of 150" time="0"/>
  <testcase classname="Scenario: Successful cash deposit" name="Scenario: Successful cash deposit" time="0.001"/>
  <testcase classname="Scenario: Successful cash withdraw" name="Given I have an account with a balance of 100" time="0"/>
  <testcase classname="Scenario: Successful cash withdraw" name="When I make a withdraw of 50 at an ATM" time="0.009"/>
  <testcase classname="Scenario: Successful cash withdraw" name="Then the ATM displays a message that withdraw was successful" time="0"/>
  <testcase classname="Scenario: Successful cash withdraw" name="And my account has a new balance of 50" time="0.001">
    <failure message="expected:&lt;150&gt; but was:&lt;50&gt;" type="java.lang.AssertionError">java.lang.AssertionError: expected:&lt;150&gt; but was:&lt;50&gt;
	at org.junit.Assert.fail(Assert.java:88)
	at org.junit.Assert.failNotEquals(Assert.java:743)
	at org.junit.Assert.assertEquals(Assert.java:118)
	at org.junit.Assert.assertEquals(Assert.java:555)
	at org.junit.Assert.assertEquals(Assert.java:542)
	at notsodanishbank.StepDefinition.my_account_has_a_new_balance_of(StepDefinition.java:37)
	at ✽.And my account has a new balance of 50(Deposit.feature:33)
</failure>
  </testcase>
  <testcase classname="Scenario: Successful cash withdraw" name="Scenario: Successful cash withdraw" time="0.001">
    <failure message="expected:&lt;150&gt; but was:&lt;50&gt;" type="java.lang.AssertionError">java.lang.AssertionError: expected:&lt;150&gt; but was:&lt;50&gt;
	at org.junit.Assert.fail(Assert.java:88)
	at org.junit.Assert.failNotEquals(Assert.java:743)
	at org.junit.Assert.assertEquals(Assert.java:118)
	at org.junit.Assert.assertEquals(Assert.java:555)
	at org.junit.Assert.assertEquals(Assert.java:542)
	at notsodanishbank.StepDefinition.my_account_has_a_new_balance_of(StepDefinition.java:37)
	at ✽.And my account has a new balance of 50(Deposit.feature:33)
</failure>
  </testcase>
</testsuite>