<?xml version="1.0" encoding="UTF-8" ?>
<testsuite tests="10" failures="2" name="notsodanishbank.CucumberTest" time="0.014" errors="0" skipped="0">
  <properties>
[...]
</properties>
  <testcase classname="Scenario: Successful cash deposit" name="Given I have an account with a balance of 100" time="0.002"/>
  <testcase classname="Scenario: Successful cash deposit" name="When I make a deposit of 50 at an ATM" time="0"/>
  <testcase classname="Scenario: Successful cash deposit" name="Then the AtM displays a message that deposit was successful" time="0"/>
  <testcase classname="Scenario: Successful cash deposit" name="And my account has a new balance of 150" time="0"/>
  <testcase classname="Scenario: Successful cash deposit" name="Scenario: Successful cash deposit" time="0.001"/>
  <testcase classname="Scenario: Successful cash withdraw" name="Given I have an account with a balance of 100" time="0"/>
  <testcase classname="Scenario: Successful cash withdraw" name="When I make a withdraw of 50 at an ATM" time="0.009"/>
  <testcase classname="Scenario: Successful cash withdraw" name="Then the ATM displays a message that withdraw was successful" time="0"/>
  <testcase classname="Scenario: Successful cash withdraw" name="And my account has a new balance of 50" time="0.001">
    <failure message="expected:&lt;150&gt; but was:&lt;50&gt;" type="java.lang.AssertionError">java.lang.AssertionError: expected:&lt;150&gt; but was:&lt;50&gt;
	at org.junit.Assert.fail(Assert.java:88)
	at org.junit.Assert.failNotEquals(Assert.java:743)
	at org.junit.Assert.assertEquals(Assert.java:118)
	at org.junit.Assert.assertEquals(Assert.java:555)
	at org.junit.Assert.assertEquals(Assert.java:542)
	at notsodanishbank.StepDefinition.my_account_has_a_new_balance_of(StepDefinition.java:37)
	at ✽.And my account has a new balance of 50(Deposit.feature:33)
</failure>
  </testcase>
  <testcase classname="Scenario: Successful cash withdraw" name="Scenario: Successful cash withdraw" time="0.001">
    <failure message="expected:&lt;150&gt; but was:&lt;50&gt;" type="java.lang.AssertionError">java.lang.AssertionError: expected:&lt;150&gt; but was:&lt;50&gt;
	at org.junit.Assert.fail(Assert.java:88)
	at org.junit.Assert.failNotEquals(Assert.java:743)
	at org.junit.Assert.assertEquals(Assert.java:118)
	at org.junit.Assert.assertEquals(Assert.java:555)
	at org.junit.Assert.assertEquals(Assert.java:542)
	at notsodanishbank.StepDefinition.my_account_has_a_new_balance_of(StepDefinition.java:37)
	at ✽.And my account has a new balance of 50(Deposit.feature:33)
</failure>
  </testcase>
</testsuite>